<?xml version="1.0" encoding="UTF-8"?>
<!-- Generated by org.testng.reporters.JUnitXMLReporter -->
<testsuite ignored="0" hostname="LAPTOP-IP00DK1I" failures="1" tests="2" name="RegressionTest" time="11.649" errors="0" timestamp="2025-03-20T13:03:47 IST">
  <testcase classname="test.TC_002Login" name="loginTest" time="1.353"/>
  <testcase classname="test.TC_002Login" name="loginTest" time="0.485">
    <failure type="java.lang.AssertionError" message="The following asserts failed:
	expected [Incorrect username or password] but found []">
      <![CDATA[java.lang.AssertionError: The following asserts failed:
expected [Incorrect username or password] but found []
at page.HomePage.validateLogin(HomePage.java:64)
at test.TC_002Login.loginTest(TC_002Login.java:27)
at java.base/java.util.ArrayList.forEach(ArrayList.java:1596)
... Removed 27 stack frames]]>
    </failure>
  </testcase> <!-- loginTest -->
</testsuite> <!-- RegressionTest -->
