<?xml version="1.0" encoding="UTF-8"?>
<!-- Generated by org.testng.reporters.JUnitXMLReporter -->
<testsuite ignored="12" hostname="LAPTOP-IP00DK1I" failures="1" tests="27" name="SmokeTest" time="208.633" errors="0" timestamp="2025-03-25T17:26:42 IST">
  <testcase classname="test.TC_001SignUp" name="invalidemailsignupTest" time="0.946">
    <failure type="java.lang.IllegalArgumentException" message="Keys to send should be a not null CharSequence">
      <![CDATA[java.lang.IllegalArgumentException: Keys to send should be a not null CharSequence
at org.openqa.selenium.remote.RemoteWebElement.sendKeys(RemoteWebElement.java:96)
at org.openqa.selenium.support.pagefactory.internal.LocatingElementHandler.invoke(LocatingElementHandler.java:51)
at jdk.proxy2/jdk.proxy2.$Proxy19.sendKeys(Unknown Source)
at page.SignUp.enterFirstName(SignUp.java:33)
at test.TC_001SignUp.invalidemailsignupTest(TC_001SignUp.java:42)
at java.base/java.util.ArrayList.forEach(ArrayList.java:1596)
... Removed 27 stack frames]]>
    </failure>
  </testcase> <!-- invalidemailsignupTest -->
  <testcase classname="test.TC_001SignUp" name="signupTest" time="1.553"/>
  <testcase classname="test.TC_002Login" name="loginTest" time="1.275"/>
  <testcase classname="test.TC_002Login" name="loginTest" time="0.947"/>
  <testcase classname="test.TC_002Login" name="loginTest" time="0.899"/>
  <testcase classname="test.TC_002Login" name="loginTest" time="0.928"/>
  <testcase classname="test.TC_003ContactListTest" name="Contact" time="4.89"/>
  <testcase classname="test.TC_003ContactListTest" name="Contact" time="3.929"/>
  <testcase classname="test.TC_003ContactListTest" name="Contact" time="4.408"/>
  <testcase classname="test.TC_003ContactListTest" name="Contact" time="4.368"/>
  <testcase classname="test.TC_003ContactListTest" name="Contact" time="4.494"/>
  <testcase classname="test.TC_003ContactListTest" name="Contact" time="4.606"/>
  <testcase classname="test.TC_003ContactListTest" name="Contact" time="4.021"/>
  <testcase classname="test.TC_003ContactListTest" name="Contact" time="5.395"/>
  <testcase classname="test.TC_003ContactListTest" name="Contact" time="4.132"/>
  <testcase classname="test.TC_003ContactListTest" name="Contact" time="3.437"/>
  <testcase classname="test.TC_003ContactListTest" name="Contact" time="4.328"/>
  <testcase classname="test.TC_004AScendingName" name="Contact" time="5.131"/>
  <testcase classname="test.TC_004AScendingName" name="Contact" time="5.13"/>
  <testcase classname="test.TC_004AScendingName" name="Contact" time="4.898"/>
  <testcase classname="test.TC_004AScendingName" name="Contact" time="7.823"/>
  <testcase classname="test.TC_004AScendingName" name="Contact" time="5.747"/>
  <testcase classname="test.TC_004AScendingName" name="Contact" time="6.193"/>
  <testcase classname="test.TC_004AScendingName" name="Contact" time="6.587"/>
  <testcase classname="test.TC_005EditContact" name="EditContact" time="8.635"/>
  <testcase classname="test.TC_006DeleteContact" name="Contact" time="6.88"/>
  <testcase classname="test.TC_007Logout" name="logoutfunction" time="2.025"/>
  <testcase classname="base.ProjectSpecificationMethod" name="@BeforeSuite reportIniatialization" time="0.0">
    <ignored/>
  </testcase> <!-- @BeforeSuite reportIniatialization -->
  <testcase classname="base.ProjectSpecificationMethod" name="@BeforeSuite reportIniatialization" time="0.0">
    <ignored/>
  </testcase> <!-- @BeforeSuite reportIniatialization -->
  <testcase classname="base.ProjectSpecificationMethod" name="@AfterSuite reportClose" time="0.0">
    <ignored/>
  </testcase> <!-- @AfterSuite reportClose -->
  <testcase classname="base.ProjectSpecificationMethod" name="@BeforeSuite reportIniatialization" time="0.0">
    <ignored/>
  </testcase> <!-- @BeforeSuite reportIniatialization -->
  <testcase classname="base.ProjectSpecificationMethod" name="@AfterSuite reportClose" time="0.0">
    <ignored/>
  </testcase> <!-- @AfterSuite reportClose -->
  <testcase classname="base.ProjectSpecificationMethod" name="@BeforeSuite reportIniatialization" time="0.0">
    <ignored/>
  </testcase> <!-- @BeforeSuite reportIniatialization -->
  <testcase classname="base.ProjectSpecificationMethod" name="@AfterSuite reportClose" time="0.0">
    <ignored/>
  </testcase> <!-- @AfterSuite reportClose -->
  <testcase classname="base.ProjectSpecificationMethod" name="@BeforeSuite reportIniatialization" time="0.0">
    <ignored/>
  </testcase> <!-- @BeforeSuite reportIniatialization -->
  <testcase classname="base.ProjectSpecificationMethod" name="@AfterSuite reportClose" time="0.0">
    <ignored/>
  </testcase> <!-- @AfterSuite reportClose -->
  <testcase classname="base.ProjectSpecificationMethod" name="@BeforeSuite reportIniatialization" time="0.0">
    <ignored/>
  </testcase> <!-- @BeforeSuite reportIniatialization -->
  <testcase classname="base.ProjectSpecificationMethod" name="@AfterSuite reportClose" time="0.0">
    <ignored/>
  </testcase> <!-- @AfterSuite reportClose -->
  <testcase classname="base.ProjectSpecificationMethod" name="@AfterSuite reportClose" time="0.0">
    <ignored/>
  </testcase> <!-- @AfterSuite reportClose -->
</testsuite> <!-- SmokeTest -->
