<html>
<head>
<title>TestNG:  SmokeTest</title>
<link href="../testng.css" rel="stylesheet" type="text/css" />
<link href="../my-testng.css" rel="stylesheet" type="text/css" />

<style type="text/css">
.log { display: none;} 
.stack-trace { display: none;} 
</style>
<script type="text/javascript">
<!--
function flip(e) {
  current = e.style.display;
  if (current == 'block') {
    e.style.display = 'none';
    return 0;
  }
  else {
    e.style.display = 'block';
    return 1;
  }
}

function toggleBox(szDivId, elem, msg1, msg2)
{
  var res = -1;  if (document.getElementById) {
    res = flip(document.getElementById(szDivId));
  }
  else if (document.all) {
    // this is the way old msie versions work
    res = flip(document.all[szDivId]);
  }
  if(elem) {
    if(res == 0) elem.innerHTML = msg1; else elem.innerHTML = msg2;
  }

}

function toggleAllBoxes() {
  if (document.getElementsByTagName) {
    d = document.getElementsByTagName('div');
    for (i = 0; i < d.length; i++) {
      if (d[i].className == 'log') {
        flip(d[i]);
      }
    }
  }
}

// -->
</script>

</head>
<body>
<h2 align='center'>SmokeTest</h2><table border='1' align="center">
<tr>
<td>Tests passed/Failed/Skipped:</td><td>26/1/0</td>
</tr><tr>
<td>Started on:</td><td>Tue Mar 25 17:23:13 IST 2025</td>
</tr>
<tr><td>Total time:</td><td>208 seconds (208633 ms)</td>
</tr><tr>
<td>Included groups:</td><td></td>
</tr><tr>
<td>Excluded groups:</td><td></td>
</tr>
</table><p/>
<small><i>(Hover the method name to see the test class name)</i></small><p/>
<table width='100%' border='1' class='invocation-failed'>
<tr><td colspan='4' align='center'><b>FAILED TESTS</b></td></tr>
<tr><td><b>Test method</b></td>
<td><b>Attribute(s)</b></td>
<td width="30%"><b>Exception</b></td>
<td width="10%"><b>Time (seconds)</b></td>
<td><b>Instance</b></td>
</tr>
<tr>
<td title='test.TC_001SignUp.invalidemailsignupTest()'><b>invalidemailsignupTest</b><br>Test class: test.TC_001SignUp</td>
<td><div><pre>java.lang.IllegalArgumentException: Keys to send should be a not null CharSequence
	at org.openqa.selenium.remote.RemoteWebElement.sendKeys(RemoteWebElement.java:96)
	at org.openqa.selenium.support.pagefactory.internal.LocatingElementHandler.invoke(LocatingElementHandler.java:51)
	at jdk.proxy2/jdk.proxy2.$Proxy19.sendKeys(Unknown Source)
	at page.SignUp.enterFirstName(SignUp.java:33)
	at test.TC_001SignUp.invalidemailsignupTest(TC_001SignUp.java:42)
	at java.base/java.util.ArrayList.forEach(ArrayList.java:1596)
... Removed 27 stack frames</pre></div><a href='#' onClick='toggleBox("stack-trace821342630", this, "Click to show all stack frames", "Click to hide stack frames")'>Click to show all stack frames</a>
<div class='stack-trace' id='stack-trace821342630'><pre>java.lang.IllegalArgumentException: Keys to send should be a not null CharSequence
	at org.openqa.selenium.remote.RemoteWebElement.sendKeys(RemoteWebElement.java:96)
	at java.base/jdk.internal.reflect.DirectMethodHandleAccessor.invoke(DirectMethodHandleAccessor.java:103)
	at java.base/java.lang.reflect.Method.invoke(Method.java:580)
	at org.openqa.selenium.support.pagefactory.internal.LocatingElementHandler.invoke(LocatingElementHandler.java:51)
	at jdk.proxy2/jdk.proxy2.$Proxy19.sendKeys(Unknown Source)
	at page.SignUp.enterFirstName(SignUp.java:33)
	at test.TC_001SignUp.invalidemailsignupTest(TC_001SignUp.java:42)
	at java.base/jdk.internal.reflect.DirectMethodHandleAccessor.invoke(DirectMethodHandleAccessor.java:103)
	at java.base/java.lang.reflect.Method.invoke(Method.java:580)
	at org.testng.internal.invokers.MethodInvocationHelper.invokeMethod(MethodInvocationHelper.java:139)
	at org.testng.internal.invokers.TestInvoker.invokeMethod(TestInvoker.java:664)
	at org.testng.internal.invokers.TestInvoker.invokeTestMethod(TestInvoker.java:227)
	at org.testng.internal.invokers.MethodRunner.runInSequence(MethodRunner.java:50)
	at org.testng.internal.invokers.TestInvoker$MethodInvocationAgent.invoke(TestInvoker.java:957)
	at org.testng.internal.invokers.TestInvoker.invokeTestMethods(TestInvoker.java:200)
	at org.testng.internal.invokers.TestMethodWorker.invokeTestMethods(TestMethodWorker.java:148)
	at org.testng.internal.invokers.TestMethodWorker.run(TestMethodWorker.java:128)
	at java.base/java.util.ArrayList.forEach(ArrayList.java:1596)
	at org.testng.TestRunner.privateRun(TestRunner.java:848)
	at org.testng.TestRunner.run(TestRunner.java:621)
	at org.testng.SuiteRunner.runTest(SuiteRunner.java:443)
	at org.testng.SuiteRunner.runSequentially(SuiteRunner.java:437)
	at org.testng.SuiteRunner.privateRun(SuiteRunner.java:397)
	at org.testng.SuiteRunner.run(SuiteRunner.java:336)
	at org.testng.SuiteRunnerWorker.runSuite(SuiteRunnerWorker.java:52)
	at org.testng.SuiteRunnerWorker.run(SuiteRunnerWorker.java:95)
	at org.testng.TestNG.runSuitesSequentially(TestNG.java:1280)
	at org.testng.TestNG.runSuitesLocally(TestNG.java:1200)
	at org.testng.TestNG.runSuites(TestNG.java:1114)
	at org.testng.TestNG.run(TestNG.java:1082)
	at org.testng.remote.AbstractRemoteTestNG.run(AbstractRemoteTestNG.java:115)
	at org.testng.remote.RemoteTestNG.initAndRun(RemoteTestNG.java:293)
	at org.testng.remote.RemoteTestNG.main(RemoteTestNG.java:91)
</pre></div></td>
<td>0</td>
<td>test.TC_001SignUp@4c178a76</td></tr>
</table><p>
<table width='100%' border='1' class='invocation-passed'>
<tr><td colspan='4' align='center'><b>PASSED TESTS</b></td></tr>
<tr><td><b>Test method</b></td>
<td><b>Attribute(s)</b></td>
<td width="30%"><b>Exception</b></td>
<td width="10%"><b>Time (seconds)</b></td>
<td><b>Instance</b></td>
</tr>
<tr>
<td title='test.TC_003ContactListTest.Contact()'><b>Contact</b><br>Test class: test.TC_003ContactListTest<br>Parameters: keshav, , , , , , , , , , , negative, Contact validation failed: lastName: Path `lastName` is required.</td>
<td></td>
<td>4</td>
<td>test.TC_003ContactListTest@77f1baf5</td></tr>
<tr>
<td title='test.TC_003ContactListTest.Contact()'><b>Contact</b><br>Test class: test.TC_003ContactListTest<br>Parameters: hetwik, nesuru, , hetwik@kmai.com, 854, , , , , , , negative, Contact validation failed: phone: Phone number is invalid</td>
<td></td>
<td>4</td>
<td>test.TC_003ContactListTest@77f1baf5</td></tr>
<tr>
<td title='test.TC_003ContactListTest.Contact()'><b>Contact</b><br>Test class: test.TC_003ContactListTest<br>Parameters: joe, las, 1998-08, , , , , , , , , negative, Contact validation failed: birthdate: Birthdate is invalid</td>
<td></td>
<td>4</td>
<td>test.TC_003ContactListTest@77f1baf5</td></tr>
<tr>
<td title='test.TC_003ContactListTest.Contact()'><b>Contact</b><br>Test class: test.TC_003ContactListTest<br>Parameters: mithra, angles, 2003-04-21, mithr2@kmail.com, 4657688, hebbal, 2nd stage, bangalore, karnataka, 54546, india, positive, Click on any contact to view the Contact Details</td>
<td></td>
<td>4</td>
<td>test.TC_003ContactListTest@77f1baf5</td></tr>
<tr>
<td title='test.TC_001SignUp.signupTest()'><b>signupTest</b><br>Test class: test.TC_001SignUp</td>
<td></td>
<td>1</td>
<td>test.TC_001SignUp@4c178a76</td></tr>
<tr>
<td title='test.TC_002Login.loginTest()'><b>loginTest</b><br>Test class: test.TC_002Login<br>Parameters: jeya123@kmail, jeya123, negative, Incorrect username or password</td>
<td></td>
<td>0</td>
<td>test.TC_002Login@7d20d0b</td></tr>
<tr>
<td title='test.TC_004AScendingName.Contact()'><b>Contact</b><br>Test class: test.TC_004AScendingName<br>Parameters: muthu , kumar, , , , , , , , , </td>
<td></td>
<td>6</td>
<td>test.TC_004AScendingName@41a2befb</td></tr>
<tr>
<td title='test.TC_003ContactListTest.Contact()'><b>Contact</b><br>Test class: test.TC_003ContactListTest<br>Parameters: jhon, joe, , jhon@kmail, , , , , , , , negative, Contact validation failed: email: Email is invalid</td>
<td></td>
<td>4</td>
<td>test.TC_003ContactListTest@77f1baf5</td></tr>
<tr>
<td title='test.TC_004AScendingName.Contact()'><b>Contact</b><br>Test class: test.TC_004AScendingName<br>Parameters: jeya, sri, , , , , , , , , </td>
<td></td>
<td>5</td>
<td>test.TC_004AScendingName@41a2befb</td></tr>
<tr>
<td title='test.TC_002Login.loginTest()'><b>loginTest</b><br>Test class: test.TC_002Login<br>Parameters: , , negative, Incorrect username or password</td>
<td></td>
<td>0</td>
<td>test.TC_002Login@7d20d0b</td></tr>
<tr>
<td title='test.TC_003ContactListTest.Contact()'><b>Contact</b><br>Test class: test.TC_003ContactListTest<br>Parameters: , , , , , , , , , , , negative, Contact validation failed: firstName: Path `firstName` is required., lastName: Path `lastName` is required.</td>
<td></td>
<td>4</td>
<td>test.TC_003ContactListTest@77f1baf5</td></tr>
<tr>
<td title='test.TC_003ContactListTest.Contact()'><b>Contact</b><br>Test class: test.TC_003ContactListTest<br>Parameters: rekha, siva, , , , , , , , , , positive, Click on any contact to view the Contact Details</td>
<td></td>
<td>3</td>
<td>test.TC_003ContactListTest@77f1baf5</td></tr>
<tr>
<td title='test.TC_004AScendingName.Contact()'><b>Contact</b><br>Test class: test.TC_004AScendingName<br>Parameters: mithra, angles, , mithra@kmail.com, 4354657, hebbal, surya bakery, mysore, karnatak, 46577, india</td>
<td></td>
<td>5</td>
<td>test.TC_004AScendingName@41a2befb</td></tr>
<tr>
<td title='test.TC_002Login.loginTest()'><b>loginTest</b><br>Test class: test.TC_002Login<br>Parameters: , jeya123, negative, Incorrect username or password</td>
<td></td>
<td>0</td>
<td>test.TC_002Login@7d20d0b</td></tr>
<tr>
<td title='test.TC_004AScendingName.Contact()'><b>Contact</b><br>Test class: test.TC_004AScendingName<br>Parameters: muthu, kumar, , , , , , , , , </td>
<td></td>
<td>6</td>
<td>test.TC_004AScendingName@41a2befb</td></tr>
<tr>
<td title='test.TC_002Login.loginTest()'><b>loginTest</b><br>Test class: test.TC_002Login<br>Parameters: jeya123@kmail.com, jeya123, Valid email and valid password, Contact List</td>
<td></td>
<td>1</td>
<td>test.TC_002Login@7d20d0b</td></tr>
<tr>
<td title='test.TC_006DeleteContact.Contact()'><b>Contact</b><br>Test class: test.TC_006DeleteContact<br>Parameters: washim, bhai, , , , 11th main, hebbal, chennai, tamilnadu, 43677, india</td>
<td></td>
<td>6</td>
<td>test.TC_006DeleteContact@7bedc48a</td></tr>
<tr>
<td title='test.TC_004AScendingName.Contact()'><b>Contact</b><br>Test class: test.TC_004AScendingName<br>Parameters: rekha, siva, , , , , , , , , </td>
<td></td>
<td>5</td>
<td>test.TC_004AScendingName@41a2befb</td></tr>
<tr>
<td title='test.TC_004AScendingName.Contact()'><b>Contact</b><br>Test class: test.TC_004AScendingName<br>Parameters: meena, madhu, , , 2435456, , , , , , </td>
<td></td>
<td>7</td>
<td>test.TC_004AScendingName@41a2befb</td></tr>
<tr>
<td title='test.TC_005EditContact.EditContact()'><b>EditContact</b><br>Test class: test.TC_005EditContact<br>Parameters: washim, bhai, 2005-04-03, , , 11th main, hebbal, chennai, tamilnadu, 43677, india</td>
<td></td>
<td>8</td>
<td>test.TC_005EditContact@6c40365c</td></tr>
<tr>
<td title='test.TC_004AScendingName.Contact()'><b>Contact</b><br>Test class: test.TC_004AScendingName<br>Parameters: rud, ran, , , , , , , , , </td>
<td></td>
<td>4</td>
<td>test.TC_004AScendingName@41a2befb</td></tr>
<tr>
<td title='test.TC_007Logout.logoutfunction()'><b>logoutfunction</b><br>Test class: test.TC_007Logout</td>
<td></td>
<td>2</td>
<td>test.TC_007Logout@131ef10</td></tr>
<tr>
<td title='test.TC_003ContactListTest.Contact()'><b>Contact</b><br>Test class: test.TC_003ContactListTest<br>Parameters: shiv, charan, , shiv@kmai.com, 91876543, , , , , , , positive, Click on any contact to view the Contact Details</td>
<td></td>
<td>5</td>
<td>test.TC_003ContactListTest@77f1baf5</td></tr>
<tr>
<td title='test.TC_003ContactListTest.Contact()'><b>Contact</b><br>Test class: test.TC_003ContactListTest<br>Parameters: , kumar, , , , , , , , , , negative, Contact validation failed: firstName: Path `firstName` is required.</td>
<td></td>
<td>3</td>
<td>test.TC_003ContactListTest@77f1baf5</td></tr>
<tr>
<td title='test.TC_003ContactListTest.Contact()'><b>Contact</b><br>Test class: test.TC_003ContactListTest<br>Parameters: shiva, charan, , shiv@kmail.com, 91876543, , , , , , , positive, Click on any contact to view the Contact Details</td>
<td></td>
<td>4</td>
<td>test.TC_003ContactListTest@77f1baf5</td></tr>
<tr>
<td title='test.TC_003ContactListTest.Contact()'><b>Contact</b><br>Test class: test.TC_003ContactListTest<br>Parameters: vaibhav, sankar, , , , , , , , ds432, , negative, Contact validation failed: postalCode: Postal code is invalid</td>
<td></td>
<td>4</td>
<td>test.TC_003ContactListTest@77f1baf5</td></tr>
</table><p>
</body>
</html>